1641916337931	geckodriver	INFO	Listening on 127.0.0.1:51329
1641916338440	mozrunner::runner	INFO	Running command: "/snap/bin/firefox" "--marionette" "--remote-debugging-port" "38829" "-no-remote" "-profile" "/tmp/rust_mozprofile5qtRJa"
1641916338440	geckodriver::marionette	DEBUG	Waiting 60s to connect to browser on 127.0.0.1:40057
1641916338440	geckodriver::marionette	TRACE	Connection refused (os error 111). Retrying in 100ms
1641916338541	geckodriver::marionette	TRACE	Connection refused (os error 111). Retrying in 100ms
Gtk-Message: 16:52:18.607: Failed to load module "canberra-gtk-module"
Gtk-Message: 16:52:18.609: Failed to load module "canberra-gtk-module"
1641916338641	geckodriver::marionette	TRACE	Connection refused (os error 111). Retrying in 100ms
ATTENTION: default value of option mesa_glthread overridden by environment.
ATTENTION: default value of option mesa_glthread overridden by environment.
ATTENTION: default value of option mesa_glthread overridden by environment.
ATTENTION: default value of option mesa_glthread overridden by environment.
1641916338741	geckodriver::marionette	TRACE	Connection refused (os error 111). Retrying in 100ms
1641916338841	geckodriver::marionette	TRACE	Connection refused (os error 111). Retrying in 100ms
1641916338941	geckodriver::marionette	TRACE	Connection refused (os error 111). Retrying in 100ms
1641916339042	geckodriver::marionette	TRACE	Connection refused (os error 111). Retrying in 100ms
1641916339142	geckodriver::marionette	TRACE	Connection refused (os error 111). Retrying in 100ms
1641916339242	geckodriver::marionette	TRACE	Connection refused (os error 111). Retrying in 100ms
1641916339342	geckodriver::marionette	TRACE	Connection refused (os error 111). Retrying in 100ms
1641916339442	geckodriver::marionette	TRACE	Connection refused (os error 111). Retrying in 100ms
1641916339543	geckodriver::marionette	TRACE	Connection refused (os error 111). Retrying in 100ms
1641916339643	geckodriver::marionette	TRACE	Connection refused (os error 111). Retrying in 100ms
1641916339743	geckodriver::marionette	TRACE	Connection refused (os error 111). Retrying in 100ms
1641916339843	geckodriver::marionette	TRACE	Connection refused (os error 111). Retrying in 100ms
1641916339944	geckodriver::marionette	TRACE	Connection refused (os error 111). Retrying in 100ms
1641916340044	geckodriver::marionette	TRACE	Connection refused (os error 111). Retrying in 100ms
1641916340144	geckodriver::marionette	TRACE	Connection refused (os error 111). Retrying in 100ms
1641916340244	geckodriver::marionette	TRACE	Connection refused (os error 111). Retrying in 100ms
1641916340345	geckodriver::marionette	TRACE	Connection refused (os error 111). Retrying in 100ms
1641916340445	geckodriver::marionette	TRACE	Connection refused (os error 111). Retrying in 100ms
1641916340545	geckodriver::marionette	TRACE	Connection refused (os error 111). Retrying in 100ms
1641916340646	geckodriver::marionette	TRACE	Connection refused (os error 111). Retrying in 100ms
1641916340746	geckodriver::marionette	TRACE	Connection refused (os error 111). Retrying in 100ms
1641916340847	geckodriver::marionette	TRACE	Connection refused (os error 111). Retrying in 100ms
1641916340947	geckodriver::marionette	TRACE	Connection refused (os error 111). Retrying in 100ms
1641916341047	geckodriver::marionette	TRACE	Connection refused (os error 111). Retrying in 100ms
1641916341148	geckodriver::marionette	TRACE	Connection refused (os error 111). Retrying in 100ms
1641916341248	geckodriver::marionette	TRACE	Connection refused (os error 111). Retrying in 100ms
1641916341348	geckodriver::marionette	TRACE	Connection refused (os error 111). Retrying in 100ms
1641916341448	geckodriver::marionette	TRACE	Connection refused (os error 111). Retrying in 100ms
1641916341548	geckodriver::marionette	TRACE	Connection refused (os error 111). Retrying in 100ms
1641916341648	geckodriver::marionette	TRACE	Connection refused (os error 111). Retrying in 100ms
1641916341749	geckodriver::marionette	TRACE	Connection refused (os error 111). Retrying in 100ms
1641916341849	geckodriver::marionette	TRACE	Connection refused (os error 111). Retrying in 100ms
1641916341949	geckodriver::marionette	TRACE	Connection refused (os error 111). Retrying in 100ms
1641916342049	geckodriver::marionette	TRACE	Connection refused (os error 111). Retrying in 100ms
1641916342149	geckodriver::marionette	TRACE	Connection refused (os error 111). Retrying in 100ms
1641916342250	geckodriver::marionette	TRACE	Connection refused (os error 111). Retrying in 100ms
1641916342350	geckodriver::marionette	TRACE	Connection refused (os error 111). Retrying in 100ms
1641916342450	geckodriver::marionette	TRACE	Connection refused (os error 111). Retrying in 100ms
1641916342550	geckodriver::marionette	TRACE	Connection refused (os error 111). Retrying in 100ms
1641916342651	geckodriver::marionette	TRACE	Connection refused (os error 111). Retrying in 100ms
1641916342751	geckodriver::marionette	TRACE	Connection refused (os error 111). Retrying in 100ms
1641916342851	geckodriver::marionette	TRACE	Connection refused (os error 111). Retrying in 100ms
1641916342951	geckodriver::marionette	TRACE	Connection refused (os error 111). Retrying in 100ms
1641916343052	geckodriver::marionette	TRACE	Connection refused (os error 111). Retrying in 100ms
1641916343152	geckodriver::marionette	TRACE	Connection refused (os error 111). Retrying in 100ms
1641916343252	geckodriver::marionette	TRACE	Connection refused (os error 111). Retrying in 100ms
1641916343352	geckodriver::marionette	TRACE	Connection refused (os error 111). Retrying in 100ms
1641916343452	geckodriver::marionette	TRACE	Connection refused (os error 111). Retrying in 100ms
1641916343552	geckodriver::marionette	TRACE	Connection refused (os error 111). Retrying in 100ms
1641916343653	geckodriver::marionette	TRACE	Connection refused (os error 111). Retrying in 100ms
1641916343753	geckodriver::marionette	TRACE	Connection refused (os error 111). Retrying in 100ms
1641916343853	geckodriver::marionette	TRACE	Connection refused (os error 111). Retrying in 100ms
1641916343953	geckodriver::marionette	TRACE	Connection refused (os error 111). Retrying in 100ms
1641916344053	geckodriver::marionette	TRACE	Connection refused (os error 111). Retrying in 100ms

###!!! [Child][RunMessage] Error: Channel closing: too late to send/recv, messages will be lost

1641916344154	geckodriver::marionette	TRACE	Connection refused (os error 111). Retrying in 100ms
1641916344254	geckodriver::browser	DEBUG	Browser process stopped: exit status: 1
1641916344254	webdriver::server	DEBUG	<- 500 Internal Server Error {"value":{"error":"unknown error","message":"Process unexpectedly closed with status 1","stacktrace":""}}
1641916652008	geckodriver	INFO	Listening on 127.0.0.1:48537
1641916652516	geckodriver::browser	DEBUG	Backing up prefs to "/tmp/rust_mozprofiler9mHI4/user.geckodriver_backup"
1641916652528	mozrunner::runner	INFO	Running command: "/snap/bin/firefox" "--marionette" "--remote-debugging-port" "49519" "-no-remote" "-profile" "/tmp/rust_mozprofiler9mHI4"
1641916652529	geckodriver::marionette	DEBUG	Waiting 60s to connect to browser on 127.0.0.1:42585
1641916652529	geckodriver::marionette	TRACE	Connection refused (os error 111). Retrying in 100ms
1641916652629	geckodriver::marionette	TRACE	Connection refused (os error 111). Retrying in 100ms
Gtk-Message: 16:57:32.692: Failed to load module "canberra-gtk-module"
Gtk-Message: 16:57:32.694: Failed to load module "canberra-gtk-module"
1641916652729	geckodriver::marionette	TRACE	Connection refused (os error 111). Retrying in 100ms
ATTENTION: default value of option mesa_glthread overridden by environment.
ATTENTION: default value of option mesa_glthread overridden by environment.
ATTENTION: default value of option mesa_glthread overridden by environment.
ATTENTION: default value of option mesa_glthread overridden by environment.
1641916652830	geckodriver::marionette	TRACE	Connection refused (os error 111). Retrying in 100ms
1641916652930	geckodriver::marionette	TRACE	Connection refused (os error 111). Retrying in 100ms
1641916653030	geckodriver::marionette	TRACE	Connection refused (os error 111). Retrying in 100ms
1641916653130	geckodriver::marionette	TRACE	Connection refused (os error 111). Retrying in 100ms
1641916653230	geckodriver::marionette	TRACE	Connection refused (os error 111). Retrying in 100ms
1641916653330	geckodriver::marionette	TRACE	Connection refused (os error 111). Retrying in 100ms
1641916653431	geckodriver::marionette	TRACE	Connection refused (os error 111). Retrying in 100ms
1641916653531	geckodriver::marionette	TRACE	Connection refused (os error 111). Retrying in 100ms
1641916653631	geckodriver::marionette	TRACE	Connection refused (os error 111). Retrying in 100ms
1641916653731	geckodriver::marionette	TRACE	Connection refused (os error 111). Retrying in 100ms
1641916653832	geckodriver::marionette	TRACE	Connection refused (os error 111). Retrying in 100ms
1641916653932	geckodriver::marionette	TRACE	Connection refused (os error 111). Retrying in 100ms
1641916654032	geckodriver::marionette	TRACE	Connection refused (os error 111). Retrying in 100ms
1641916654132	geckodriver::marionette	TRACE	Connection refused (os error 111). Retrying in 100ms
1641916654233	geckodriver::marionette	TRACE	Connection refused (os error 111). Retrying in 100ms
1641916654333	geckodriver::marionette	TRACE	Connection refused (os error 111). Retrying in 100ms
1641916654433	geckodriver::marionette	TRACE	Connection refused (os error 111). Retrying in 100ms
1641916654533	geckodriver::marionette	TRACE	Connection refused (os error 111). Retrying in 100ms
1641916654634	geckodriver::marionette	TRACE	Connection refused (os error 111). Retrying in 100ms
1641916654734	geckodriver::marionette	TRACE	Connection refused (os error 111). Retrying in 100ms
1641916654834	geckodriver::marionette	TRACE	Connection refused (os error 111). Retrying in 100ms
1641916654934	geckodriver::marionette	TRACE	Connection refused (os error 111). Retrying in 100ms
1641916655034	geckodriver::marionette	TRACE	Connection refused (os error 111). Retrying in 100ms
1641916655135	geckodriver::marionette	TRACE	Connection refused (os error 111). Retrying in 100ms
1641916655235	geckodriver::marionette	TRACE	Connection refused (os error 111). Retrying in 100ms

###!!! [Child][RunMessage] Error: Channel closing: too late to send/recv, messages will be lost

1641916655335	geckodriver::marionette	TRACE	Connection refused (os error 111). Retrying in 100ms
1641916655435	geckodriver::browser	DEBUG	Browser process stopped: exit status: 1
1641916655441	webdriver::server	DEBUG	<- 500 Internal Server Error {"value":{"error":"unknown error","message":"Process unexpectedly closed with status 1","stacktrace":""}}
1641916956531	geckodriver	INFO	Listening on 127.0.0.1:43103
1641916956534	mozrunner::runner	INFO	Running command: "/snap/bin/firefox" "--marionette" "--remote-debugging-port" "53183" "-no-remote" "-profile" "/tmp/rust_mozprofileBqP4hf"
Gtk-Message: 17:02:36.681: Failed to load module "canberra-gtk-module"
Gtk-Message: 17:02:36.682: Failed to load module "canberra-gtk-module"
ATTENTION: default value of option mesa_glthread overridden by environment.
ATTENTION: default value of option mesa_glthread overridden by environment.
ATTENTION: default value of option mesa_glthread overridden by environment.
ATTENTION: default value of option mesa_glthread overridden by environment.
1641917092138	geckodriver	INFO	Listening on 127.0.0.1:50633
1641917092141	mozrunner::runner	INFO	Running command: "/snap/bin/firefox" "--marionette" "--remote-debugging-port" "35145" "-no-remote" "-profile" "/tmp/rust_mozprofileDtbl93"
Gtk-Message: 17:04:52.300: Failed to load module "canberra-gtk-module"
Gtk-Message: 17:04:52.302: Failed to load module "canberra-gtk-module"
ATTENTION: default value of option mesa_glthread overridden by environment.
ATTENTION: default value of option mesa_glthread overridden by environment.
ATTENTION: default value of option mesa_glthread overridden by environment.
ATTENTION: default value of option mesa_glthread overridden by environment.

###!!! [Child][RunMessage] Error: Channel closing: too late to send/recv, messages will be lost

